<?xml version="1.0" encoding="UTF-8"?>
<testng-results skipped="0" failed="0" ignored="0" total="1" passed="1">
  <reporter-output>
  </reporter-output>
  <suite name="Default suite" duration-ms="43636" started-at="2020-01-26T07:02:34Z" finished-at="2020-01-26T07:03:17Z">
    <groups>
    </groups>
    <test name="Default test" duration-ms="43636" started-at="2020-01-26T07:02:34Z" finished-at="2020-01-26T07:03:17Z">
      <class name="testclases.TripAdviser">
        <test-method status="PASS" signature="setUp()[pri:0, instance:testclases.TripAdviser@643b1d11]" name="setUp" is-config="true" duration-ms="13927" started-at="2020-01-26T07:02:34Z" finished-at="2020-01-26T07:02:48Z">
          <reporter-output>
          </reporter-output>
        </test-method> <!-- setUp -->
        <test-method status="PASS" signature="TripStart()[pri:0, instance:testclases.TripAdviser@643b1d11]" name="TripStart" duration-ms="10321" started-at="2020-01-26T07:02:48Z" finished-at="2020-01-26T07:02:58Z">
          <reporter-output>
          </reporter-output>
        </test-method> <!-- TripStart -->
        <test-method status="PASS" signature="End()[pri:0, instance:testclases.TripAdviser@643b1d11]" name="End" is-config="true" duration-ms="19336" started-at="2020-01-26T07:02:58Z" finished-at="2020-01-26T07:03:17Z">
          <reporter-output>
          </reporter-output>
        </test-method> <!-- End -->
      </class> <!-- testclases.TripAdviser -->
    </test> <!-- Default test -->
  </suite> <!-- Default suite -->
</testng-results>
